reading script E:\rics\user\ics\mocheckso\user\script\dcheck\DM01AVSO24.cfg ...

******************************
*                            *
* MODULAR CHECKSERVICE       *
*                            *
* Version 1.1.9 07.09.2015   *
*                            *
* (c) infoGrips 1997-2014    *
*                            *
******************************

*****************************************
* License Information:                  *
* Amt fuer Geoinformation Kt. Solothurn *
* 4501 Solothurn                        *
* ICS Kernel Version 2014.0             *
*****************************************

License file: E:\rics\user\ics\mocheckso\user\license\iltoolspro.lic

**********************
*                    *
* CHECKCH            *
*                    *
* Ruleset 07.09.2015 *
*                    *
* (c) swisstopo      *
*                    *
**********************

**************************
*                        *
* MOCHECKSO              *
*                        *
* Ruleset 08.09.2014     *
*                        *
* © Kanton Solothurn     *
* Amt für Geoinformation *
*                        *
**************************

job               : 1291004
input file        : 254900.itf
checkrules        : DM01AVSO24.xls (21.8.2014)
control points    : FPDS swisstopo (21.11.2015)
profile           : all
date              : 22.11.2015
time              : 11:22:15

==============================================================================
GEODB, start initializing
==============================================================================
==============================================================================
GEODB, end initializing
==============================================================================
==============================================================================
Topic: FixpunkteKategorie1, Table: LFP1Nachfuehrung
==============================================================================
==============================================================================
Topic: FixpunkteKategorie1, Table: LFP1Nachfuehrung_Perimeter
==============================================================================
==============================================================================
Topic: FixpunkteKategorie1, Table: LFP1
==============================================================================
==============================================================================
Topic: FixpunkteKategorie1, Table: LFP1Pos
==============================================================================
==============================================================================
Topic: FixpunkteKategorie1, Table: LFP1Symbol
==============================================================================
==============================================================================
Topic: FixpunkteKategorie1, Table: HFP1Nachfuehrung
==============================================================================
==============================================================================
Topic: FixpunkteKategorie1, Table: HFP1Nachfuehrung_Perimeter
==============================================================================
==============================================================================
Topic: FixpunkteKategorie1, Table: HFP1
==============================================================================
==============================================================================
Topic: FixpunkteKategorie1, Table: HFP1Pos
==============================================================================
==============================================================================
Topic: FixpunkteKategorie2, Table: LFP2Nachfuehrung
==============================================================================
==============================================================================
Topic: FixpunkteKategorie2, Table: LFP2Nachfuehrung_Perimeter
==============================================================================
==============================================================================
Topic: FixpunkteKategorie2, Table: LFP2
==============================================================================
==============================================================================
Topic: FixpunkteKategorie2, Table: LFP2Pos
==============================================================================
==============================================================================
Topic: FixpunkteKategorie2, Table: LFP2Symbol
==============================================================================
==============================================================================
Topic: FixpunkteKategorie2, Table: HFP2Nachfuehrung
==============================================================================
==============================================================================
Topic: FixpunkteKategorie2, Table: HFP2Nachfuehrung_Perimeter
==============================================================================
==============================================================================
Topic: FixpunkteKategorie2, Table: HFP2
==============================================================================
==============================================================================
Topic: FixpunkteKategorie2, Table: HFP2Pos
==============================================================================
==============================================================================
Topic: FixpunkteKategorie3, Table: LFP3Nachfuehrung
==============================================================================
==============================================================================
Topic: FixpunkteKategorie3, Table: LFP3Nachfuehrung_Perimeter
==============================================================================
==============================================================================
Topic: FixpunkteKategorie3, Table: LFP3
==============================================================================
GT tolerated *** ERROR *** CHECK(PATTR,errid=CH030701) LFP3 muss die gleichen Attributwerte wie der Hoheitsgrenzpunkt haben,NBIdent BE0200000971 <> SO0100000001
              , line=423, OBJID=26, Nummer=25490044, Geometrie=611920.927/234438.253
GT tolerated *** ERROR *** CHECK(PATTR,errid=CH030701) LFP3 muss die gleichen Attributwerte wie der Hoheitsgrenzpunkt haben,NBIdent BE0200000971 <> NULL
              , line=424, OBJID=27, Nummer=25490045, Geometrie=611932.340/234368.627
GT tolerated *** ERROR *** CHECK(PATTR,errid=CH030701) LFP3 muss die gleichen Attributwerte wie der Hoheitsgrenzpunkt haben,NBIdent BE0200000971 <> NULL
              , line=425, OBJID=28, Nummer=25490048, Geometrie=611954.979/234235.933
GT tolerated *** ERROR *** CHECK(PATTR,errid=CH030701) LFP3 muss die gleichen Attributwerte wie der Hoheitsgrenzpunkt haben,NBIdent BE0200000971 <> NULL
              , line=426, OBJID=29, Nummer=25490050, Geometrie=611972.930/234129.537
GT tolerated *** ERROR *** CHECK(PATTR,errid=CH030701) LFP3 muss die gleichen Attributwerte wie der Hoheitsgrenzpunkt haben,NBIdent BE0200000971 <> NULL
              , line=430, OBJID=33, Nummer=25470262, Geometrie=611827.369/234772.219
==============================================================================
Topic: FixpunkteKategorie3, Table: LFP3Pos
==============================================================================
==============================================================================
Topic: FixpunkteKategorie3, Table: LFP3Symbol
==============================================================================
==============================================================================
Topic: FixpunkteKategorie3, Table: HilfsFPNachfuehrung
==============================================================================
==============================================================================
Topic: FixpunkteKategorie3, Table: HilfsFPNachfuehrung_Perimeter
==============================================================================
==============================================================================
Topic: FixpunkteKategorie3, Table: Hilfsfixpunkt
==============================================================================
==============================================================================
Topic: FixpunkteKategorie3, Table: HilfsfixpunktPos
==============================================================================
==============================================================================
Topic: FixpunkteKategorie3, Table: HilfsfixpunktSymbol
==============================================================================
==============================================================================
Topic: FixpunkteKategorie3, Table: HFP3Nachfuehrung
==============================================================================
==============================================================================
Topic: FixpunkteKategorie3, Table: HFP3Nachfuehrung_Perimeter
==============================================================================
==============================================================================
Topic: FixpunkteKategorie3, Table: HFP3
==============================================================================
==============================================================================
Topic: FixpunkteKategorie3, Table: HFP3Pos
==============================================================================
==============================================================================
Topic: Bodenbedeckung, Table: BBNachfuehrung
==============================================================================
==============================================================================
Topic: Bodenbedeckung, Table: BBNachfuehrung_Perimeter
==============================================================================
==============================================================================
Topic: Bodenbedeckung, Table: ProjBoFlaeche
==============================================================================
==============================================================================
Topic: Bodenbedeckung, Table: ProjBoFlaeche_Geometrie
==============================================================================
==============================================================================
Topic: Bodenbedeckung, Table: ProjGebaeudenummer
==============================================================================
==============================================================================
Topic: Bodenbedeckung, Table: ProjGebaeudenummerPos
==============================================================================
==============================================================================
Topic: Bodenbedeckung, Table: ProjObjektname
==============================================================================
==============================================================================
Topic: Bodenbedeckung, Table: ProjObjektnamePos
==============================================================================
==============================================================================
Topic: Bodenbedeckung, Table: ProjBoFlaecheSymbol
==============================================================================
==============================================================================
Topic: Bodenbedeckung, Table: BoFlaeche_Geometrie
==============================================================================
==============================================================================
Topic: Bodenbedeckung, Table: BoFlaeche
==============================================================================
==============================================================================
Topic: Bodenbedeckung, Table: Gebaeudenummer
==============================================================================
==============================================================================
Topic: Bodenbedeckung, Table: GebaeudenummerPos
==============================================================================
==============================================================================
Topic: Bodenbedeckung, Table: Objektname
==============================================================================
==============================================================================
Topic: Bodenbedeckung, Table: ObjektnamePos
==============================================================================
==============================================================================
Topic: Bodenbedeckung, Table: BoFlaecheSymbol
==============================================================================
==============================================================================
Topic: Bodenbedeckung, Table: Einzelpunkt
==============================================================================
==============================================================================
Topic: Bodenbedeckung, Table: EinzelpunktPos
==============================================================================
==============================================================================
Topic: Einzelobjekte, Table: EONachfuehrung
==============================================================================
==============================================================================
Topic: Einzelobjekte, Table: EONachfuehrung_Perimeter
==============================================================================
==============================================================================
Topic: Einzelobjekte, Table: Einzelobjekt
==============================================================================
==============================================================================
Topic: Einzelobjekte, Table: Flaechenelement
==============================================================================
==============================================================================
Topic: Einzelobjekte, Table: Flaechenelement_Geometrie
==============================================================================
==============================================================================
Topic: Einzelobjekte, Table: FlaechenelementSymbol
==============================================================================
==============================================================================
Topic: Einzelobjekte, Table: Linienelement
==============================================================================
==============================================================================
Topic: Einzelobjekte, Table: LinienelementSymbol
==============================================================================
==============================================================================
Topic: Einzelobjekte, Table: Punktelement
==============================================================================
==============================================================================
Topic: Einzelobjekte, Table: Objektname
==============================================================================
==============================================================================
Topic: Einzelobjekte, Table: ObjektnamePos
==============================================================================
==============================================================================
Topic: Einzelobjekte, Table: Objektnummer
==============================================================================
==============================================================================
Topic: Einzelobjekte, Table: ObjektnummerPos
==============================================================================
==============================================================================
Topic: Einzelobjekte, Table: Einzelpunkt
==============================================================================
==============================================================================
Topic: Einzelobjekte, Table: EinzelpunktPos
==============================================================================
==============================================================================
Topic: Hoehen, Table: HONachfuehrung
==============================================================================
==============================================================================
Topic: Hoehen, Table: HONachfuehrung_Perimeter
==============================================================================
==============================================================================
Topic: Hoehen, Table: Hoehenpunkt
==============================================================================
==============================================================================
Topic: Hoehen, Table: HoehenpunktPos
==============================================================================
==============================================================================
Topic: Hoehen, Table: Gelaendekante
==============================================================================
==============================================================================
Topic: Hoehen, Table: Aussparung
==============================================================================
==============================================================================
Topic: Hoehen, Table: Aussparung_Geometrie
==============================================================================
==============================================================================
Topic: Nomenklatur, Table: NKNachfuehrung
==============================================================================
==============================================================================
Topic: Nomenklatur, Table: NKNachfuehrung_Perimeter
==============================================================================
==============================================================================
Topic: Nomenklatur, Table: Flurname_Geometrie
==============================================================================
==============================================================================
Topic: Nomenklatur, Table: Flurname
==============================================================================
==============================================================================
Topic: Nomenklatur, Table: FlurnamePos
==============================================================================
==============================================================================
Topic: Nomenklatur, Table: Ortsname
==============================================================================
==============================================================================
Topic: Nomenklatur, Table: Ortsname_Geometrie
==============================================================================
==============================================================================
Topic: Nomenklatur, Table: OrtsnamePos
==============================================================================
==============================================================================
Topic: Nomenklatur, Table: Gelaendename
==============================================================================
==============================================================================
Topic: Nomenklatur, Table: GelaendenamePos
==============================================================================
==============================================================================
Topic: Liegenschaften, Table: LSNachfuehrung
==============================================================================
==============================================================================
Topic: Liegenschaften, Table: LSNachfuehrung_Perimeter
==============================================================================
==============================================================================
Topic: Liegenschaften, Table: Grenzpunkt
==============================================================================
==============================================================================
Topic: Liegenschaften, Table: GrenzpunktPos
==============================================================================
==============================================================================
Topic: Liegenschaften, Table: GrenzpunktSymbol
==============================================================================
==============================================================================
Topic: Liegenschaften, Table: ProjGrundstueck
==============================================================================
==============================================================================
Topic: Liegenschaften, Table: ProjGrundstueckPos
==============================================================================
==============================================================================
Topic: Liegenschaften, Table: ProjLiegenschaft
==============================================================================
==============================================================================
Topic: Liegenschaften, Table: ProjLiegenschaft_Geometrie
==============================================================================
==============================================================================
Topic: Liegenschaften, Table: ProjSelbstRecht
==============================================================================
==============================================================================
Topic: Liegenschaften, Table: ProjSelbstRecht_Geometrie
==============================================================================
==============================================================================
Topic: Liegenschaften, Table: ProjBergwerk
==============================================================================
==============================================================================
Topic: Liegenschaften, Table: ProjBergwerk_Geometrie
==============================================================================
==============================================================================
Topic: Liegenschaften, Table: Grundstueck
==============================================================================
** WARNING ** CHECK(EGRID,errid=CH085506) EGRIS_EGRID wurde nie erfasst, line=9451
==============================================================================
Topic: Liegenschaften, Table: GrundstueckPos
==============================================================================
==============================================================================
Topic: Liegenschaften, Table: Liegenschaft_Geometrie
==============================================================================
==============================================================================
Topic: Liegenschaften, Table: Liegenschaft
==============================================================================
==============================================================================
Topic: Liegenschaften, Table: SelbstRecht
==============================================================================
==============================================================================
Topic: Liegenschaften, Table: SelbstRecht_Geometrie
==============================================================================
==============================================================================
Topic: Liegenschaften, Table: Bergwerk
==============================================================================
==============================================================================
Topic: Liegenschaften, Table: Bergwerk_Geometrie
==============================================================================
==============================================================================
Topic: Rohrleitungen, Table: RLNachfuehrung
==============================================================================
==============================================================================
Topic: Rohrleitungen, Table: RLNachfuehrung_Perimeter
==============================================================================
==============================================================================
Topic: Rohrleitungen, Table: Leitungsobjekt
==============================================================================
==============================================================================
Topic: Rohrleitungen, Table: LeitungsobjektPos
==============================================================================
==============================================================================
Topic: Rohrleitungen, Table: Flaechenelement
==============================================================================
==============================================================================
Topic: Rohrleitungen, Table: Flaechenelement_Geometrie
==============================================================================
==============================================================================
Topic: Rohrleitungen, Table: Linienelement
==============================================================================
==============================================================================
Topic: Rohrleitungen, Table: Punktelement
==============================================================================
==============================================================================
Topic: Rohrleitungen, Table: Signalpunkt
==============================================================================
==============================================================================
Topic: Rohrleitungen, Table: SignalpunktPos
==============================================================================
==============================================================================
Topic: Rohrleitungen, Table: Einzelpunkt
==============================================================================
==============================================================================
Topic: Rohrleitungen, Table: EinzelpunktPos
==============================================================================
==============================================================================
Topic: Nummerierungsbereiche, Table: Nummerierungsbereich
==============================================================================
==============================================================================
Topic: Nummerierungsbereiche, Table: NBGeometrie
==============================================================================
==============================================================================
Topic: Nummerierungsbereiche, Table: NBGeometrie_Geometrie
==============================================================================
==============================================================================
Topic: Nummerierungsbereiche, Table: NummerierungsbereichPos
==============================================================================
==============================================================================
Topic: Gemeindegrenzen, Table: GEMNachfuehrung
==============================================================================
==============================================================================
Topic: Gemeindegrenzen, Table: GEMNachfuehrung_Perimeter
==============================================================================
==============================================================================
Topic: Gemeindegrenzen, Table: Hoheitsgrenzpunkt
==============================================================================
==============================================================================
Topic: Gemeindegrenzen, Table: HoheitsgrenzpunktPos
==============================================================================
==============================================================================
Topic: Gemeindegrenzen, Table: HoheitsgrenzpunktSymbol
==============================================================================
==============================================================================
Topic: Gemeindegrenzen, Table: Gemeinde
==============================================================================
==============================================================================
Topic: Gemeindegrenzen, Table: ProjGemeindegrenze
==============================================================================
==============================================================================
Topic: Gemeindegrenzen, Table: Gemeindegrenze_Geometrie
==============================================================================
GT tolerated ** WARNING ** CHECK(LAEUFER,errid=CH113002) Punkt ist kein Knickpunkt der Gemeindegrenze und darum überflüssig. Ausnahme z.B. bei Geländekante, diff=0.0mm
              , line=16258, coord=611440.935/233379.170
GT tolerated ** WARNING ** CHECK(LAEUFER,errid=CH113002) Punkt ist kein Knickpunkt der Gemeindegrenze und darum überflüssig. Ausnahme z.B. bei Geländekante, diff=0.0mm
              , line=16258, coord=611867.321/234629.445
GT tolerated ** WARNING ** CHECK(LAEUFER,errid=CH113002) Punkt ist kein Knickpunkt der Gemeindegrenze und darum überflüssig. Ausnahme z.B. bei Geländekante, diff=0.0mm
              , line=16258, coord=611892.304/234540.931
GT tolerated ** WARNING ** CHECK(LAEUFER,errid=CH113002) Punkt ist kein Knickpunkt der Gemeindegrenze und darum überflüssig. Ausnahme z.B. bei Geländekante, diff=0.0mm
              , line=16258, coord=611918.904/234445.783
GT tolerated ** WARNING ** CHECK(LAEUFER,errid=CH113002) Punkt ist kein Knickpunkt der Gemeindegrenze und darum überflüssig. Ausnahme z.B. bei Geländekante, diff=0.0mm
              , line=16258, coord=611987.149/234044.928
GT tolerated ** WARNING ** CHECK(LAEUFER,errid=CH113002) Punkt ist kein Knickpunkt der Gemeindegrenze und darum überflüssig. Ausnahme z.B. bei Geländekante, diff=0.0mm
              , line=16258, coord=612029.542/233781.732
==============================================================================
Topic: Gemeindegrenzen, Table: Gemeindegrenze
==============================================================================
==============================================================================
Topic: Bezirksgrenzen, Table: Bezirksgrenzabschnitt
==============================================================================
GT tolerated ** WARNING ** CHECK(LAEUFER,errid=CH120101) Punkt ist kein Knickpunkt der Bezirksgrenze und darum überflüssig. Ausnahme z.B. bei Geländekante, diff=0.0mm
              , line=16292, Geometrie=611867.321/234629.445
GT tolerated ** WARNING ** CHECK(LAEUFER,errid=CH120101) Punkt ist kein Knickpunkt der Bezirksgrenze und darum überflüssig. Ausnahme z.B. bei Geländekante, diff=0.0mm
              , line=16292, Geometrie=611892.304/234540.931
GT tolerated ** WARNING ** CHECK(LAEUFER,errid=CH120101) Punkt ist kein Knickpunkt der Bezirksgrenze und darum überflüssig. Ausnahme z.B. bei Geländekante, diff=0.0mm
              , line=16292, Geometrie=611918.904/234445.783
GT tolerated ** WARNING ** CHECK(LAEUFER,errid=CH120101) Punkt ist kein Knickpunkt der Bezirksgrenze und darum überflüssig. Ausnahme z.B. bei Geländekante, diff=0.0mm
              , line=16292, Geometrie=611987.149/234044.928
GT tolerated ** WARNING ** CHECK(LAEUFER,errid=CH120101) Punkt ist kein Knickpunkt der Bezirksgrenze und darum überflüssig. Ausnahme z.B. bei Geländekante, diff=0.0mm
              , line=16292, Geometrie=612029.542/233781.732
==============================================================================
Topic: Kantonsgrenzen, Table: Kantonsgrenzabschnitt
==============================================================================
GT tolerated ** WARNING ** CHECK(LAEUFER,errid=CH130101) Punkt ist kein Knickpunkt der Kantonsgrenze und darum überflüssig. Ausnahme z.B. bei Geländekante, diff=0.0mm
              , line=16323, Geometrie=611867.321/234629.445
GT tolerated ** WARNING ** CHECK(LAEUFER,errid=CH130101) Punkt ist kein Knickpunkt der Kantonsgrenze und darum überflüssig. Ausnahme z.B. bei Geländekante, diff=0.0mm
              , line=16323, Geometrie=611892.304/234540.931
GT tolerated ** WARNING ** CHECK(LAEUFER,errid=CH130101) Punkt ist kein Knickpunkt der Kantonsgrenze und darum überflüssig. Ausnahme z.B. bei Geländekante, diff=0.0mm
              , line=16323, Geometrie=611918.904/234445.783
GT tolerated ** WARNING ** CHECK(LAEUFER,errid=CH130101) Punkt ist kein Knickpunkt der Kantonsgrenze und darum überflüssig. Ausnahme z.B. bei Geländekante, diff=0.0mm
              , line=16323, Geometrie=611987.149/234044.928
GT tolerated ** WARNING ** CHECK(LAEUFER,errid=CH130101) Punkt ist kein Knickpunkt der Kantonsgrenze und darum überflüssig. Ausnahme z.B. bei Geländekante, diff=0.0mm
              , line=16323, Geometrie=612029.542/233781.732
==============================================================================
Topic: Landesgrenzen, Table: Landesgrenzabschnitt
==============================================================================
==============================================================================
Topic: Planeinteilungen, Table: Plan
==============================================================================
==============================================================================
Topic: Planeinteilungen, Table: Plangeometrie_Geometrie
==============================================================================
==============================================================================
Topic: Planeinteilungen, Table: Plangeometrie
==============================================================================
==============================================================================
Topic: Planeinteilungen, Table: PlanPos
==============================================================================
==============================================================================
Topic: TSEinteilung, Table: Toleranzstufe_Geometrie
==============================================================================
==============================================================================
Topic: TSEinteilung, Table: Toleranzstufe
==============================================================================
==============================================================================
Topic: TSEinteilung, Table: ToleranzstufePos
==============================================================================
==============================================================================
Topic: Rutschgebiete, Table: Rutschung
==============================================================================
==============================================================================
Topic: Rutschgebiete, Table: Rutschung_Geometrie
==============================================================================
==============================================================================
Topic: Rutschgebiete, Table: RutschungPos
==============================================================================
==============================================================================
Topic: PLZOrtschaft, Table: OSNachfuehrung
==============================================================================
==============================================================================
Topic: PLZOrtschaft, Table: OSNachfuehrung_Perimeter
==============================================================================
==============================================================================
Topic: PLZOrtschaft, Table: OrtschaftsVerbund
==============================================================================
==============================================================================
Topic: PLZOrtschaft, Table: OrtschaftsVerbundText
==============================================================================
==============================================================================
Topic: PLZOrtschaft, Table: Ortschaft
==============================================================================
==============================================================================
Topic: PLZOrtschaft, Table: Ortschaft_Flaeche
==============================================================================
==============================================================================
Topic: PLZOrtschaft, Table: OrtschaftsName
==============================================================================
==============================================================================
Topic: PLZOrtschaft, Table: OrtschaftsName_Pos
==============================================================================
==============================================================================
Topic: PLZOrtschaft, Table: PLZ6Nachfuehrung
==============================================================================
==============================================================================
Topic: PLZOrtschaft, Table: PLZ6Nachfuehrung_Perimeter
==============================================================================
==============================================================================
Topic: PLZOrtschaft, Table: PLZ6
==============================================================================
==============================================================================
Topic: PLZOrtschaft, Table: PLZ6_Flaeche
==============================================================================
==============================================================================
Topic: Gebaeudeadressen, Table: GEBNachfuehrung
==============================================================================
==============================================================================
Topic: Gebaeudeadressen, Table: GEBNachfuehrung_Perimeter
==============================================================================
==============================================================================
Topic: Gebaeudeadressen, Table: Lokalisation
==============================================================================
==============================================================================
Topic: Gebaeudeadressen, Table: LokalisationsName
==============================================================================
==============================================================================
Topic: Gebaeudeadressen, Table: LokalisationsNamePos
==============================================================================
GT tolerated ** WARNING ** CHECK(CARDINALITY,errid=CH192002) LokalisationsName muss mindestens eine LokalisationsNamePos haben, OBJID=2363
              , line=17115, OBJID=2363
==============================================================================
Topic: Gebaeudeadressen, Table: BenanntesGebiet
==============================================================================
==============================================================================
Topic: Gebaeudeadressen, Table: BenanntesGebiet_Flaeche
==============================================================================
==============================================================================
Topic: Gebaeudeadressen, Table: Strassenstueck
==============================================================================
==============================================================================
Topic: Gebaeudeadressen, Table: Gebaeudeeingang
==============================================================================
GT tolerated ** WARNING ** CHECK(IN_PERIMETER,errid=CH194202) Gebäudeeingang muss eindeutig innerhalb eines Postleitzahlperimeters der Tabelle PLZ6 von Topic PLZOrtschaft liegen
              , line=20680, OBJID=2448, coord=611610.881/233464.858
GT tolerated ** WARNING ** CHECK(IN_PERIMETER,errid=CH194203) Gebäudeeingang muss eindeutig innerhalb eines Perimeters der Tabelle Ortschaft resp. OrtschaftsVerbund von Topic PLZOrtschaft liegen
              , line=20680, OBJID=2448, coord=611610.881/233464.858
GT tolerated ** WARNING ** CHECK(IN_PERIMETER,errid=CH194202) Gebäudeeingang muss eindeutig innerhalb eines Postleitzahlperimeters der Tabelle PLZ6 von Topic PLZOrtschaft liegen
              , line=20681, OBJID=2449, coord=611643.137/233377.020
GT tolerated ** WARNING ** CHECK(IN_PERIMETER,errid=CH194203) Gebäudeeingang muss eindeutig innerhalb eines Perimeters der Tabelle Ortschaft resp. OrtschaftsVerbund von Topic PLZOrtschaft liegen
              , line=20681, OBJID=2449, coord=611643.137/233377.020
GT tolerated ** WARNING ** CHECK(IN_PERIMETER,errid=CH194202) Gebäudeeingang muss eindeutig innerhalb eines Postleitzahlperimeters der Tabelle PLZ6 von Topic PLZOrtschaft liegen
              , line=20682, OBJID=2450, coord=611533.354/233905.473
GT tolerated ** WARNING ** CHECK(IN_PERIMETER,errid=CH194203) Gebäudeeingang muss eindeutig innerhalb eines Perimeters der Tabelle Ortschaft resp. OrtschaftsVerbund von Topic PLZOrtschaft liegen
              , line=20682, OBJID=2450, coord=611533.354/233905.473
GT tolerated ** WARNING ** CHECK(IN_PERIMETER,errid=CH194202) Gebäudeeingang muss eindeutig innerhalb eines Postleitzahlperimeters der Tabelle PLZ6 von Topic PLZOrtschaft liegen
              , line=20683, OBJID=2451, coord=611512.035/233933.110
GT tolerated ** WARNING ** CHECK(IN_PERIMETER,errid=CH194203) Gebäudeeingang muss eindeutig innerhalb eines Perimeters der Tabelle Ortschaft resp. OrtschaftsVerbund von Topic PLZOrtschaft liegen
              , line=20683, OBJID=2451, coord=611512.035/233933.110
GT tolerated ** WARNING ** CHECK(IN_PERIMETER,errid=CH194202) Gebäudeeingang muss eindeutig innerhalb eines Postleitzahlperimeters der Tabelle PLZ6 von Topic PLZOrtschaft liegen
              , line=20684, OBJID=2452, coord=611548.559/233899.497
GT tolerated ** WARNING ** CHECK(IN_PERIMETER,errid=CH194203) Gebäudeeingang muss eindeutig innerhalb eines Perimeters der Tabelle Ortschaft resp. OrtschaftsVerbund von Topic PLZOrtschaft liegen
              , line=20684, OBJID=2452, coord=611548.559/233899.497
GT tolerated ** WARNING ** CHECK(IN_PERIMETER,errid=CH194202) Gebäudeeingang muss eindeutig innerhalb eines Postleitzahlperimeters der Tabelle PLZ6 von Topic PLZOrtschaft liegen
              , line=20685, OBJID=2453, coord=611502.340/233901.842
GT tolerated ** WARNING ** CHECK(IN_PERIMETER,errid=CH194203) Gebäudeeingang muss eindeutig innerhalb eines Perimeters der Tabelle Ortschaft resp. OrtschaftsVerbund von Topic PLZOrtschaft liegen
              , line=20685, OBJID=2453, coord=611502.340/233901.842
GT tolerated ** WARNING ** CHECK(IN_PERIMETER,errid=CH194202) Gebäudeeingang muss eindeutig innerhalb eines Postleitzahlperimeters der Tabelle PLZ6 von Topic PLZOrtschaft liegen
              , line=20686, OBJID=2454, coord=611498.615/233939.078
GT tolerated ** WARNING ** CHECK(IN_PERIMETER,errid=CH194203) Gebäudeeingang muss eindeutig innerhalb eines Perimeters der Tabelle Ortschaft resp. OrtschaftsVerbund von Topic PLZOrtschaft liegen
              , line=20686, OBJID=2454, coord=611498.615/233939.078
GT tolerated ** WARNING ** CHECK(IN_PERIMETER,errid=CH194202) Gebäudeeingang muss eindeutig innerhalb eines Postleitzahlperimeters der Tabelle PLZ6 von Topic PLZOrtschaft liegen
              , line=20687, OBJID=2455, coord=611961.537/233890.793
GT tolerated ** WARNING ** CHECK(IN_PERIMETER,errid=CH194203) Gebäudeeingang muss eindeutig innerhalb eines Perimeters der Tabelle Ortschaft resp. OrtschaftsVerbund von Topic PLZOrtschaft liegen
              , line=20687, OBJID=2455, coord=611961.537/233890.793
GT tolerated ** WARNING ** CHECK(IN_PERIMETER,errid=CH194202) Gebäudeeingang muss eindeutig innerhalb eines Postleitzahlperimeters der Tabelle PLZ6 von Topic PLZOrtschaft liegen
              , line=20688, OBJID=2456, coord=611967.154/233884.609
GT tolerated ** WARNING ** CHECK(IN_PERIMETER,errid=CH194203) Gebäudeeingang muss eindeutig innerhalb eines Perimeters der Tabelle Ortschaft resp. OrtschaftsVerbund von Topic PLZOrtschaft liegen
              , line=20688, OBJID=2456, coord=611967.154/233884.609
GT tolerated ** WARNING ** CHECK(IN_PERIMETER,errid=CH194202) Gebäudeeingang muss eindeutig innerhalb eines Postleitzahlperimeters der Tabelle PLZ6 von Topic PLZOrtschaft liegen
              , line=20689, OBJID=2457, coord=611868.780/233681.721
GT tolerated ** WARNING ** CHECK(IN_PERIMETER,errid=CH194203) Gebäudeeingang muss eindeutig innerhalb eines Perimeters der Tabelle Ortschaft resp. OrtschaftsVerbund von Topic PLZOrtschaft liegen
              , line=20689, OBJID=2457, coord=611868.780/233681.721
GT tolerated ** WARNING ** CHECK(IN_PERIMETER,errid=CH194202) Gebäudeeingang muss eindeutig innerhalb eines Postleitzahlperimeters der Tabelle PLZ6 von Topic PLZOrtschaft liegen
              , line=20690, OBJID=2458, coord=611707.588/233662.743
GT tolerated ** WARNING ** CHECK(IN_PERIMETER,errid=CH194203) Gebäudeeingang muss eindeutig innerhalb eines Perimeters der Tabelle Ortschaft resp. OrtschaftsVerbund von Topic PLZOrtschaft liegen
              , line=20690, OBJID=2458, coord=611707.588/233662.743
GT tolerated ** WARNING ** CHECK(IN_PERIMETER,errid=CH194202) Gebäudeeingang muss eindeutig innerhalb eines Postleitzahlperimeters der Tabelle PLZ6 von Topic PLZOrtschaft liegen
              , line=20691, OBJID=2459, coord=611848.631/233694.917
GT tolerated ** WARNING ** CHECK(IN_PERIMETER,errid=CH194203) Gebäudeeingang muss eindeutig innerhalb eines Perimeters der Tabelle Ortschaft resp. OrtschaftsVerbund von Topic PLZOrtschaft liegen
              , line=20691, OBJID=2459, coord=611848.631/233694.917
GT tolerated ** WARNING ** CHECK(IN_PERIMETER,errid=CH194202) Gebäudeeingang muss eindeutig innerhalb eines Postleitzahlperimeters der Tabelle PLZ6 von Topic PLZOrtschaft liegen
              , line=20692, OBJID=2460, coord=611929.993/233880.581
GT tolerated ** WARNING ** CHECK(IN_PERIMETER,errid=CH194203) Gebäudeeingang muss eindeutig innerhalb eines Perimeters der Tabelle Ortschaft resp. OrtschaftsVerbund von Topic PLZOrtschaft liegen
              , line=20692, OBJID=2460, coord=611929.993/233880.581
GT tolerated ** WARNING ** CHECK(IN_PERIMETER,errid=CH194202) Gebäudeeingang muss eindeutig innerhalb eines Postleitzahlperimeters der Tabelle PLZ6 von Topic PLZOrtschaft liegen
              , line=20693, OBJID=2461, coord=611977.804/233733.450
GT tolerated ** WARNING ** CHECK(IN_PERIMETER,errid=CH194203) Gebäudeeingang muss eindeutig innerhalb eines Perimeters der Tabelle Ortschaft resp. OrtschaftsVerbund von Topic PLZOrtschaft liegen
              , line=20693, OBJID=2461, coord=611977.804/233733.450
GT tolerated ** WARNING ** CHECK(IN_PERIMETER,errid=CH194202) Gebäudeeingang muss eindeutig innerhalb eines Postleitzahlperimeters der Tabelle PLZ6 von Topic PLZOrtschaft liegen
              , line=20694, OBJID=2462, coord=611965.166/233780.418
GT tolerated ** WARNING ** CHECK(IN_PERIMETER,errid=CH194203) Gebäudeeingang muss eindeutig innerhalb eines Perimeters der Tabelle Ortschaft resp. OrtschaftsVerbund von Topic PLZOrtschaft liegen
              , line=20694, OBJID=2462, coord=611965.166/233780.418
GT tolerated ** WARNING ** CHECK(IN_PERIMETER,errid=CH194202) Gebäudeeingang muss eindeutig innerhalb eines Postleitzahlperimeters der Tabelle PLZ6 von Topic PLZOrtschaft liegen
              , line=20695, OBJID=2463, coord=612009.683/233778.147
GT tolerated ** WARNING ** CHECK(IN_PERIMETER,errid=CH194203) Gebäudeeingang muss eindeutig innerhalb eines Perimeters der Tabelle Ortschaft resp. OrtschaftsVerbund von Topic PLZOrtschaft liegen
              , line=20695, OBJID=2463, coord=612009.683/233778.147
GT tolerated ** WARNING ** CHECK(IN_PERIMETER,errid=CH194202) Gebäudeeingang muss eindeutig innerhalb eines Postleitzahlperimeters der Tabelle PLZ6 von Topic PLZOrtschaft liegen
              , line=20696, OBJID=2464, coord=612019.138/233775.726
GT tolerated ** WARNING ** CHECK(IN_PERIMETER,errid=CH194203) Gebäudeeingang muss eindeutig innerhalb eines Perimeters der Tabelle Ortschaft resp. OrtschaftsVerbund von Topic PLZOrtschaft liegen
              , line=20696, OBJID=2464, coord=612019.138/233775.726
GT tolerated ** WARNING ** CHECK(IN_PERIMETER,errid=CH194202) Gebäudeeingang muss eindeutig innerhalb eines Postleitzahlperimeters der Tabelle PLZ6 von Topic PLZOrtschaft liegen
              , line=20697, OBJID=2465, coord=611968.882/233771.913
GT tolerated ** WARNING ** CHECK(IN_PERIMETER,errid=CH194203) Gebäudeeingang muss eindeutig innerhalb eines Perimeters der Tabelle Ortschaft resp. OrtschaftsVerbund von Topic PLZOrtschaft liegen
              , line=20697, OBJID=2465, coord=611968.882/233771.913
GT tolerated ** WARNING ** CHECK(IN_PERIMETER,errid=CH194202) Gebäudeeingang muss eindeutig innerhalb eines Postleitzahlperimeters der Tabelle PLZ6 von Topic PLZOrtschaft liegen
              , line=20698, OBJID=2466, coord=611743.584/234268.313
GT tolerated ** WARNING ** CHECK(IN_PERIMETER,errid=CH194203) Gebäudeeingang muss eindeutig innerhalb eines Perimeters der Tabelle Ortschaft resp. OrtschaftsVerbund von Topic PLZOrtschaft liegen
              , line=20698, OBJID=2466, coord=611743.584/234268.313
GT tolerated ** WARNING ** CHECK(IN_PERIMETER,errid=CH194202) Gebäudeeingang muss eindeutig innerhalb eines Postleitzahlperimeters der Tabelle PLZ6 von Topic PLZOrtschaft liegen
              , line=20699, OBJID=2467, coord=611753.890/234241.594
GT tolerated ** WARNING ** CHECK(IN_PERIMETER,errid=CH194203) Gebäudeeingang muss eindeutig innerhalb eines Perimeters der Tabelle Ortschaft resp. OrtschaftsVerbund von Topic PLZOrtschaft liegen
              , line=20699, OBJID=2467, coord=611753.890/234241.594
GT tolerated ** WARNING ** CHECK(IN_PERIMETER,errid=CH194202) Gebäudeeingang muss eindeutig innerhalb eines Postleitzahlperimeters der Tabelle PLZ6 von Topic PLZOrtschaft liegen
              , line=20700, OBJID=2468, coord=611775.343/234245.610
GT tolerated ** WARNING ** CHECK(IN_PERIMETER,errid=CH194203) Gebäudeeingang muss eindeutig innerhalb eines Perimeters der Tabelle Ortschaft resp. OrtschaftsVerbund von Topic PLZOrtschaft liegen
              , line=20700, OBJID=2468, coord=611775.343/234245.610
GT tolerated ** WARNING ** CHECK(IN_PERIMETER,errid=CH194202) Gebäudeeingang muss eindeutig innerhalb eines Postleitzahlperimeters der Tabelle PLZ6 von Topic PLZOrtschaft liegen
              , line=20701, OBJID=2469, coord=611786.782/234230.757
GT tolerated ** WARNING ** CHECK(IN_PERIMETER,errid=CH194203) Gebäudeeingang muss eindeutig innerhalb eines Perimeters der Tabelle Ortschaft resp. OrtschaftsVerbund von Topic PLZOrtschaft liegen
              , line=20701, OBJID=2469, coord=611786.782/234230.757
GT tolerated ** WARNING ** CHECK(IN_PERIMETER,errid=CH194202) Gebäudeeingang muss eindeutig innerhalb eines Postleitzahlperimeters der Tabelle PLZ6 von Topic PLZOrtschaft liegen
              , line=20702, OBJID=2470, coord=611554.438/234521.874
GT tolerated ** WARNING ** CHECK(IN_PERIMETER,errid=CH194203) Gebäudeeingang muss eindeutig innerhalb eines Perimeters der Tabelle Ortschaft resp. OrtschaftsVerbund von Topic PLZOrtschaft liegen
              , line=20702, OBJID=2470, coord=611554.438/234521.874
GT tolerated ** WARNING ** CHECK(IN_PERIMETER,errid=CH194202) Gebäudeeingang muss eindeutig innerhalb eines Postleitzahlperimeters der Tabelle PLZ6 von Topic PLZOrtschaft liegen
              , line=20703, OBJID=2471, coord=611788.603/233626.436
GT tolerated ** WARNING ** CHECK(IN_PERIMETER,errid=CH194203) Gebäudeeingang muss eindeutig innerhalb eines Perimeters der Tabelle Ortschaft resp. OrtschaftsVerbund von Topic PLZOrtschaft liegen
              , line=20703, OBJID=2471, coord=611788.603/233626.436
GT tolerated ** WARNING ** CHECK(IN_PERIMETER,errid=CH194202) Gebäudeeingang muss eindeutig innerhalb eines Postleitzahlperimeters der Tabelle PLZ6 von Topic PLZOrtschaft liegen
              , line=20704, OBJID=2472, coord=611719.416/233682.584
GT tolerated ** WARNING ** CHECK(IN_PERIMETER,errid=CH194203) Gebäudeeingang muss eindeutig innerhalb eines Perimeters der Tabelle Ortschaft resp. OrtschaftsVerbund von Topic PLZOrtschaft liegen
              , line=20704, OBJID=2472, coord=611719.416/233682.584
GT tolerated ** WARNING ** CHECK(IN_PERIMETER,errid=CH194202) Gebäudeeingang muss eindeutig innerhalb eines Postleitzahlperimeters der Tabelle PLZ6 von Topic PLZOrtschaft liegen
              , line=20705, OBJID=2473, coord=611478.804/233952.290
GT tolerated ** WARNING ** CHECK(IN_PERIMETER,errid=CH194203) Gebäudeeingang muss eindeutig innerhalb eines Perimeters der Tabelle Ortschaft resp. OrtschaftsVerbund von Topic PLZOrtschaft liegen
              , line=20705, OBJID=2473, coord=611478.804/233952.290
GT tolerated ** WARNING ** CHECK(IN_PERIMETER,errid=CH194202) Gebäudeeingang muss eindeutig innerhalb eines Postleitzahlperimeters der Tabelle PLZ6 von Topic PLZOrtschaft liegen
              , line=20706, OBJID=2474, coord=611752.941/233663.693
GT tolerated ** WARNING ** CHECK(IN_PERIMETER,errid=CH194203) Gebäudeeingang muss eindeutig innerhalb eines Perimeters der Tabelle Ortschaft resp. OrtschaftsVerbund von Topic PLZOrtschaft liegen
              , line=20706, OBJID=2474, coord=611752.941/233663.693
GT tolerated ** WARNING ** CHECK(IN_PERIMETER,errid=CH194202) Gebäudeeingang muss eindeutig innerhalb eines Postleitzahlperimeters der Tabelle PLZ6 von Topic PLZOrtschaft liegen
              , line=20707, OBJID=2475, coord=611488.610/233924.615
GT tolerated ** WARNING ** CHECK(IN_PERIMETER,errid=CH194203) Gebäudeeingang muss eindeutig innerhalb eines Perimeters der Tabelle Ortschaft resp. OrtschaftsVerbund von Topic PLZOrtschaft liegen
              , line=20707, OBJID=2475, coord=611488.610/233924.615
GT tolerated ** WARNING ** CHECK(IN_PERIMETER,errid=CH194202) Gebäudeeingang muss eindeutig innerhalb eines Postleitzahlperimeters der Tabelle PLZ6 von Topic PLZOrtschaft liegen
              , line=20708, OBJID=2476, coord=611647.558/233384.787
GT tolerated ** WARNING ** CHECK(IN_PERIMETER,errid=CH194203) Gebäudeeingang muss eindeutig innerhalb eines Perimeters der Tabelle Ortschaft resp. OrtschaftsVerbund von Topic PLZOrtschaft liegen
              , line=20708, OBJID=2476, coord=611647.558/233384.787
==============================================================================
Topic: Gebaeudeadressen, Table: HausnummerPos
==============================================================================
==============================================================================
Topic: Gebaeudeadressen, Table: GebaeudeName
==============================================================================
==============================================================================
Topic: Gebaeudeadressen, Table: GebaeudeNamePos
==============================================================================
==============================================================================
Topic: Gebaeudeadressen, Table: GebaeudeBeschreibung
==============================================================================
==============================================================================
Topic: Planrahmen, Table: PlanLayout
==============================================================================
==============================================================================
Topic: Planrahmen, Table: Planbeschriftung
==============================================================================
==============================================================================
Topic: Planrahmen, Table: PlanbeschriftungPos
==============================================================================
==============================================================================
Topic: Planrahmen, Table: Koordinatenanschrift
==============================================================================
==============================================================================
Topic: Planrahmen, Table: KoordinatenanschriftPos
==============================================================================
==============================================================================
Topic: Planrahmen, Table: Linienobjekt
==============================================================================
==============================================================================
Topic: Planrahmen, Table: KoordinatenLinie
==============================================================================
==============================================================================
Topic: Planrahmen, Table: Darstellungsflaeche
==============================================================================
==============================================================================
Topic: Planrahmen, Table: Darstellungsflaeche_Geometrie
==============================================================================
==============================================================================
Topic: Planrahmen, Table: PlanLayoutSymbol
==============================================================================
==============================================================================
Topic: Planrahmen, Table: Netzkreuz
==============================================================================

Table Statistic
===============

    0 FixpunkteKategorie1,LFP1Nachfuehrung
    0 FixpunkteKategorie1,LFP1Nachfuehrung_Perimeter
    0 FixpunkteKategorie1,LFP1
    0 FixpunkteKategorie1,LFP1Pos
    0 FixpunkteKategorie1,LFP1Symbol
    0 FixpunkteKategorie1,HFP1Nachfuehrung
    0 FixpunkteKategorie1,HFP1Nachfuehrung_Perimeter
    0 FixpunkteKategorie1,HFP1
    0 FixpunkteKategorie1,HFP1Pos
    1 FixpunkteKategorie2,LFP2Nachfuehrung
    1 FixpunkteKategorie2,LFP2Nachfuehrung_Perimeter
    1 FixpunkteKategorie2,LFP2
    1 FixpunkteKategorie2,LFP2Pos
    1 FixpunkteKategorie2,LFP2Symbol
    0 FixpunkteKategorie2,HFP2Nachfuehrung
    0 FixpunkteKategorie2,HFP2Nachfuehrung_Perimeter
    0 FixpunkteKategorie2,HFP2
    0 FixpunkteKategorie2,HFP2Pos
    1 FixpunkteKategorie3,LFP3Nachfuehrung
    1 FixpunkteKategorie3,LFP3Nachfuehrung_Perimeter
   26 FixpunkteKategorie3,LFP3
   26 FixpunkteKategorie3,LFP3Pos
   26 FixpunkteKategorie3,LFP3Symbol
    0 FixpunkteKategorie3,HilfsFPNachfuehrung
    0 FixpunkteKategorie3,HilfsFPNachfuehrung_Perimeter
    0 FixpunkteKategorie3,Hilfsfixpunkt
    0 FixpunkteKategorie3,HilfsfixpunktPos
    0 FixpunkteKategorie3,HilfsfixpunktSymbol
    0 FixpunkteKategorie3,HFP3Nachfuehrung
    0 FixpunkteKategorie3,HFP3Nachfuehrung_Perimeter
    0 FixpunkteKategorie3,HFP3
    0 FixpunkteKategorie3,HFP3Pos
    5 Bodenbedeckung,BBNachfuehrung
    5 Bodenbedeckung,BBNachfuehrung_Perimeter
    0 Bodenbedeckung,ProjBoFlaeche
    0 Bodenbedeckung,ProjBoFlaeche_Geometrie
    0 Bodenbedeckung,ProjGebaeudenummer
    0 Bodenbedeckung,ProjGebaeudenummerPos
    0 Bodenbedeckung,ProjObjektname
    0 Bodenbedeckung,ProjObjektnamePos
    0 Bodenbedeckung,ProjBoFlaecheSymbol
  368 Bodenbedeckung,BoFlaeche_Geometrie
  125 Bodenbedeckung,BoFlaeche
   14 Bodenbedeckung,Gebaeudenummer
    0 Bodenbedeckung,GebaeudenummerPos
    7 Bodenbedeckung,Objektname
    7 Bodenbedeckung,ObjektnamePos
   13 Bodenbedeckung,BoFlaecheSymbol
    0 Bodenbedeckung,Einzelpunkt
    0 Bodenbedeckung,EinzelpunktPos
    4 Einzelobjekte,EONachfuehrung
    4 Einzelobjekte,EONachfuehrung_Perimeter
   50 Einzelobjekte,Einzelobjekt
   42 Einzelobjekte,Flaechenelement
   71 Einzelobjekte,Flaechenelement_Geometrie
    0 Einzelobjekte,FlaechenelementSymbol
   30 Einzelobjekte,Linienelement
    0 Einzelobjekte,LinienelementSymbol
    0 Einzelobjekte,Punktelement
    0 Einzelobjekte,Objektname
    0 Einzelobjekte,ObjektnamePos
    0 Einzelobjekte,Objektnummer
    0 Einzelobjekte,ObjektnummerPos
    0 Einzelobjekte,Einzelpunkt
    0 Einzelobjekte,EinzelpunktPos
    0 Hoehen,HONachfuehrung
    0 Hoehen,HONachfuehrung_Perimeter
    0 Hoehen,Hoehenpunkt
    0 Hoehen,HoehenpunktPos
    0 Hoehen,Gelaendekante
    0 Hoehen,Aussparung
    0 Hoehen,Aussparung_Geometrie
    3 Nomenklatur,NKNachfuehrung
    3 Nomenklatur,NKNachfuehrung_Perimeter
   24 Nomenklatur,Flurname_Geometrie
    9 Nomenklatur,Flurname
   12 Nomenklatur,FlurnamePos
    1 Nomenklatur,Ortsname
    1 Nomenklatur,Ortsname_Geometrie
    1 Nomenklatur,OrtsnamePos
    0 Nomenklatur,Gelaendename
    0 Nomenklatur,GelaendenamePos
    4 Liegenschaften,LSNachfuehrung
    4 Liegenschaften,LSNachfuehrung_Perimeter
  406 Liegenschaften,Grenzpunkt
    0 Liegenschaften,GrenzpunktPos
  406 Liegenschaften,GrenzpunktSymbol
    0 Liegenschaften,ProjGrundstueck
    0 Liegenschaften,ProjGrundstueckPos
    0 Liegenschaften,ProjLiegenschaft
    0 Liegenschaften,ProjLiegenschaft_Geometrie
    0 Liegenschaften,ProjSelbstRecht
    0 Liegenschaften,ProjSelbstRecht_Geometrie
    0 Liegenschaften,ProjBergwerk
    0 Liegenschaften,ProjBergwerk_Geometrie
   34 Liegenschaften,Grundstueck
   35 Liegenschaften,GrundstueckPos
  186 Liegenschaften,Liegenschaft_Geometrie
   34 Liegenschaften,Liegenschaft
    0 Liegenschaften,SelbstRecht
    0 Liegenschaften,SelbstRecht_Geometrie
    0 Liegenschaften,Bergwerk
    0 Liegenschaften,Bergwerk_Geometrie
    0 Rohrleitungen,RLNachfuehrung
    0 Rohrleitungen,RLNachfuehrung_Perimeter
    0 Rohrleitungen,Leitungsobjekt
    0 Rohrleitungen,LeitungsobjektPos
    0 Rohrleitungen,Flaechenelement
    0 Rohrleitungen,Flaechenelement_Geometrie
    0 Rohrleitungen,Linienelement
    0 Rohrleitungen,Punktelement
    0 Rohrleitungen,Signalpunkt
    0 Rohrleitungen,SignalpunktPos
    0 Rohrleitungen,Einzelpunkt
    0 Rohrleitungen,EinzelpunktPos
    4 Nummerierungsbereiche,Nummerierungsbereich
    7 Nummerierungsbereiche,NBGeometrie
    7 Nummerierungsbereiche,NBGeometrie_Geometrie
    7 Nummerierungsbereiche,NummerierungsbereichPos
    2 Gemeindegrenzen,GEMNachfuehrung
    2 Gemeindegrenzen,GEMNachfuehrung_Perimeter
  147 Gemeindegrenzen,Hoheitsgrenzpunkt
    7 Gemeindegrenzen,HoheitsgrenzpunktPos
  147 Gemeindegrenzen,HoheitsgrenzpunktSymbol
    1 Gemeindegrenzen,Gemeinde
    0 Gemeindegrenzen,ProjGemeindegrenze
    1 Gemeindegrenzen,Gemeindegrenze_Geometrie
    1 Gemeindegrenzen,Gemeindegrenze
    1 Bezirksgrenzen,Bezirksgrenzabschnitt
    1 Kantonsgrenzen,Kantonsgrenzabschnitt
    0 Landesgrenzen,Landesgrenzabschnitt
    3 Planeinteilungen,Plan
    6 Planeinteilungen,Plangeometrie_Geometrie
    3 Planeinteilungen,Plangeometrie
    3 Planeinteilungen,PlanPos
    1 TSEinteilung,Toleranzstufe_Geometrie
    1 TSEinteilung,Toleranzstufe
    0 TSEinteilung,ToleranzstufePos
    0 Rutschgebiete,Rutschung
    0 Rutschgebiete,Rutschung_Geometrie
    0 Rutschgebiete,RutschungPos
    0 PLZOrtschaft,OSNachfuehrung
    0 PLZOrtschaft,OSNachfuehrung_Perimeter
    0 PLZOrtschaft,OrtschaftsVerbund
    0 PLZOrtschaft,OrtschaftsVerbundText
    0 PLZOrtschaft,Ortschaft
    0 PLZOrtschaft,Ortschaft_Flaeche
    0 PLZOrtschaft,OrtschaftsName
    0 PLZOrtschaft,OrtschaftsName_Pos
    0 PLZOrtschaft,PLZ6Nachfuehrung
    0 PLZOrtschaft,PLZ6Nachfuehrung_Perimeter
    0 PLZOrtschaft,PLZ6
    0 PLZOrtschaft,PLZ6_Flaeche
    2 Gebaeudeadressen,GEBNachfuehrung
    2 Gebaeudeadressen,GEBNachfuehrung_Perimeter
    9 Gebaeudeadressen,Lokalisation
    9 Gebaeudeadressen,LokalisationsName
   15 Gebaeudeadressen,LokalisationsNamePos
    6 Gebaeudeadressen,BenanntesGebiet
    6 Gebaeudeadressen,BenanntesGebiet_Flaeche
   53 Gebaeudeadressen,Strassenstueck
   29 Gebaeudeadressen,Gebaeudeeingang
   25 Gebaeudeadressen,HausnummerPos
    0 Gebaeudeadressen,GebaeudeName
    0 Gebaeudeadressen,GebaeudeNamePos
    0 Gebaeudeadressen,GebaeudeBeschreibung
    3 Planrahmen,PlanLayout
   21 Planrahmen,Planbeschriftung
   21 Planrahmen,PlanbeschriftungPos
    0 Planrahmen,Koordinatenanschrift
    0 Planrahmen,KoordinatenanschriftPos
   12 Planrahmen,Linienobjekt
    0 Planrahmen,KoordinatenLinie
    6 Planrahmen,Darstellungsflaeche
    6 Planrahmen,Darstellungsflaeche_Geometrie
    0 Planrahmen,PlanLayoutSymbol
    0 Planrahmen,Netzkreuz

completed with no errors not tolerated

completed with 1 warning not tolerated

