reading script E:\rics\user\ics\checkch\user\script\dcheck\DM01AVCH24D.cfg ...

******************************
*                            *
* MODULAR CHECKSERVICE       *
*                            *
* Version 1.1.9 07.09.2015   *
*                            *
* (c) infoGrips 1997-2014    *
*                            *
******************************

******************************
* License Information:       *
* swisstopo                  *
* Wabern                     *
* ICS Kernel Version 2014.0  *
******************************

License file: E:\rics\user\ics\checkch\user\license\iltoolspro.lic

**********************
*                    *
* CHECKCH            *
*                    *
* Ruleset 07.09.2015 *
*                    *
* (c) swisstopo      *
*                    *
**********************

job               : 1291014
input file        : ch_254900_proj_export.itf
checkrules        : DM01AVCH24D.xls (19.10.2015)
GT rules          : SO
ET file           : none
UT file           : none
profile           : standard
date              : 22.11.2015
time              : 16:59:13

==============================================================================
GEODB, start initializing
==============================================================================
==============================================================================
GEODB, end initializing
==============================================================================
==============================================================================
Topic: FixpunkteKategorie2, Table: LFP2Nachfuehrung
==============================================================================
==============================================================================
Topic: FixpunkteKategorie2, Table: LFP2Nachfuehrung_Perimeter
==============================================================================
==============================================================================
Topic: FixpunkteKategorie2, Table: LFP2
==============================================================================
==============================================================================
Topic: FixpunkteKategorie2, Table: LFP2Pos
==============================================================================
==============================================================================
Topic: FixpunkteKategorie2, Table: LFP2Symbol
==============================================================================
==============================================================================
Topic: FixpunkteKategorie2, Table: HFP2Nachfuehrung
==============================================================================
==============================================================================
Topic: FixpunkteKategorie2, Table: HFP2Nachfuehrung_Perimeter
==============================================================================
==============================================================================
Topic: FixpunkteKategorie2, Table: HFP2
==============================================================================
==============================================================================
Topic: FixpunkteKategorie2, Table: HFP2Pos
==============================================================================
==============================================================================
Topic: FixpunkteKategorie3, Table: LFP3Nachfuehrung
==============================================================================
==============================================================================
Topic: FixpunkteKategorie3, Table: LFP3Nachfuehrung_Perimeter
==============================================================================
==============================================================================
Topic: FixpunkteKategorie3, Table: LFP3
==============================================================================
==============================================================================
Topic: FixpunkteKategorie3, Table: LFP3Pos
==============================================================================
==============================================================================
Topic: FixpunkteKategorie3, Table: LFP3Symbol
==============================================================================
==============================================================================
Topic: FixpunkteKategorie3, Table: HFP3Nachfuehrung
==============================================================================
==============================================================================
Topic: FixpunkteKategorie3, Table: HFP3Nachfuehrung_Perimeter
==============================================================================
==============================================================================
Topic: FixpunkteKategorie3, Table: HFP3
==============================================================================
==============================================================================
Topic: FixpunkteKategorie3, Table: HFP3Pos
==============================================================================
==============================================================================
Topic: Bodenbedeckung, Table: BBNachfuehrung
==============================================================================
==============================================================================
Topic: Bodenbedeckung, Table: BBNachfuehrung_Perimeter
==============================================================================
==============================================================================
Topic: Bodenbedeckung, Table: ProjBoFlaeche
==============================================================================
==============================================================================
Topic: Bodenbedeckung, Table: ProjBoFlaeche_Geometrie
==============================================================================
==============================================================================
Topic: Bodenbedeckung, Table: ProjGebaeudenummer
==============================================================================
==============================================================================
Topic: Bodenbedeckung, Table: ProjGebaeudenummerPos
==============================================================================
==============================================================================
Topic: Bodenbedeckung, Table: ProjObjektname
==============================================================================
==============================================================================
Topic: Bodenbedeckung, Table: ProjObjektnamePos
==============================================================================
==============================================================================
Topic: Bodenbedeckung, Table: ProjBoFlaecheSymbol
==============================================================================
==============================================================================
Topic: Bodenbedeckung, Table: BoFlaeche_Geometrie
==============================================================================
==============================================================================
Topic: Bodenbedeckung, Table: BoFlaeche
==============================================================================
==============================================================================
Topic: Bodenbedeckung, Table: Gebaeudenummer
==============================================================================
==============================================================================
Topic: Bodenbedeckung, Table: GebaeudenummerPos
==============================================================================
==============================================================================
Topic: Bodenbedeckung, Table: Objektname
==============================================================================
==============================================================================
Topic: Bodenbedeckung, Table: ObjektnamePos
==============================================================================
==============================================================================
Topic: Bodenbedeckung, Table: BoFlaecheSymbol
==============================================================================
==============================================================================
Topic: Bodenbedeckung, Table: Einzelpunkt
==============================================================================
==============================================================================
Topic: Bodenbedeckung, Table: EinzelpunktPos
==============================================================================
==============================================================================
Topic: Einzelobjekte, Table: EONachfuehrung
==============================================================================
==============================================================================
Topic: Einzelobjekte, Table: EONachfuehrung_Perimeter
==============================================================================
==============================================================================
Topic: Einzelobjekte, Table: Einzelobjekt
==============================================================================
==============================================================================
Topic: Einzelobjekte, Table: Flaechenelement
==============================================================================
==============================================================================
Topic: Einzelobjekte, Table: Flaechenelement_Geometrie
==============================================================================
==============================================================================
Topic: Einzelobjekte, Table: FlaechenelementSymbol
==============================================================================
==============================================================================
Topic: Einzelobjekte, Table: Linienelement
==============================================================================
==============================================================================
Topic: Einzelobjekte, Table: LinienelementSymbol
==============================================================================
==============================================================================
Topic: Einzelobjekte, Table: Punktelement
==============================================================================
==============================================================================
Topic: Einzelobjekte, Table: Objektname
==============================================================================
==============================================================================
Topic: Einzelobjekte, Table: ObjektnamePos
==============================================================================
==============================================================================
Topic: Einzelobjekte, Table: Objektnummer
==============================================================================
==============================================================================
Topic: Einzelobjekte, Table: ObjektnummerPos
==============================================================================
==============================================================================
Topic: Einzelobjekte, Table: Einzelpunkt
==============================================================================
==============================================================================
Topic: Einzelobjekte, Table: EinzelpunktPos
==============================================================================
==============================================================================
Topic: Nomenklatur, Table: NKNachfuehrung
==============================================================================
==============================================================================
Topic: Nomenklatur, Table: NKNachfuehrung_Perimeter
==============================================================================
==============================================================================
Topic: Nomenklatur, Table: Flurname_Geometrie
==============================================================================
==============================================================================
Topic: Nomenklatur, Table: Flurname
==============================================================================
==============================================================================
Topic: Nomenklatur, Table: FlurnamePos
==============================================================================
==============================================================================
Topic: Nomenklatur, Table: Ortsname
==============================================================================
==============================================================================
Topic: Nomenklatur, Table: Ortsname_Geometrie
==============================================================================
==============================================================================
Topic: Nomenklatur, Table: OrtsnamePos
==============================================================================
==============================================================================
Topic: Nomenklatur, Table: Gelaendename
==============================================================================
==============================================================================
Topic: Nomenklatur, Table: GelaendenamePos
==============================================================================
==============================================================================
Topic: Liegenschaften, Table: LSNachfuehrung
==============================================================================
==============================================================================
Topic: Liegenschaften, Table: LSNachfuehrung_Perimeter
==============================================================================
==============================================================================
Topic: Liegenschaften, Table: Grenzpunkt
==============================================================================
==============================================================================
Topic: Liegenschaften, Table: GrenzpunktPos
==============================================================================
==============================================================================
Topic: Liegenschaften, Table: GrenzpunktSymbol
==============================================================================
==============================================================================
Topic: Liegenschaften, Table: ProjGrundstueck
==============================================================================
==============================================================================
Topic: Liegenschaften, Table: ProjGrundstueckPos
==============================================================================
==============================================================================
Topic: Liegenschaften, Table: ProjLiegenschaft
==============================================================================
==============================================================================
Topic: Liegenschaften, Table: ProjLiegenschaft_Geometrie
==============================================================================
==============================================================================
Topic: Liegenschaften, Table: ProjSelbstRecht
==============================================================================
==============================================================================
Topic: Liegenschaften, Table: ProjSelbstRecht_Geometrie
==============================================================================
==============================================================================
Topic: Liegenschaften, Table: ProjBergwerk
==============================================================================
==============================================================================
Topic: Liegenschaften, Table: ProjBergwerk_Geometrie
==============================================================================
==============================================================================
Topic: Liegenschaften, Table: Grundstueck
==============================================================================
==============================================================================
Topic: Liegenschaften, Table: GrundstueckPos
==============================================================================
==============================================================================
Topic: Liegenschaften, Table: Liegenschaft_Geometrie
==============================================================================
==============================================================================
Topic: Liegenschaften, Table: Liegenschaft
==============================================================================
==============================================================================
Topic: Liegenschaften, Table: SelbstRecht
==============================================================================
==============================================================================
Topic: Liegenschaften, Table: SelbstRecht_Geometrie
==============================================================================
==============================================================================
Topic: Liegenschaften, Table: Bergwerk
==============================================================================
==============================================================================
Topic: Liegenschaften, Table: Bergwerk_Geometrie
==============================================================================
==============================================================================
Topic: Nummerierungsbereiche, Table: Nummerierungsbereich
==============================================================================
==============================================================================
Topic: Nummerierungsbereiche, Table: NBGeometrie
==============================================================================
==============================================================================
Topic: Nummerierungsbereiche, Table: NBGeometrie_Geometrie
==============================================================================
==============================================================================
Topic: Nummerierungsbereiche, Table: NummerierungsbereichPos
==============================================================================
==============================================================================
Topic: Gemeindegrenzen, Table: GEMNachfuehrung
==============================================================================
==============================================================================
Topic: Gemeindegrenzen, Table: GEMNachfuehrung_Perimeter
==============================================================================
==============================================================================
Topic: Gemeindegrenzen, Table: Hoheitsgrenzpunkt
==============================================================================
==============================================================================
Topic: Gemeindegrenzen, Table: HoheitsgrenzpunktPos
==============================================================================
==============================================================================
Topic: Gemeindegrenzen, Table: HoheitsgrenzpunktSymbol
==============================================================================
==============================================================================
Topic: Gemeindegrenzen, Table: Gemeinde
==============================================================================
==============================================================================
Topic: Gemeindegrenzen, Table: ProjGemeindegrenze
==============================================================================
==============================================================================
Topic: Gemeindegrenzen, Table: Gemeindegrenze_Geometrie
==============================================================================
*** ERROR *** ILIN(MANDATORY,errid=INT008) attribute Linienart has to be defined
              , line=24655, OBJID=23549, coord=611205.283/234499.610 .. 611205.283/234499.610
==============================================================================
Topic: Gemeindegrenzen, Table: Gemeindegrenze
==============================================================================
==============================================================================
Topic: Bezirksgrenzen, Table: Bezirksgrenzabschnitt
==============================================================================
==============================================================================
Topic: Kantonsgrenzen, Table: Kantonsgrenzabschnitt
==============================================================================
==============================================================================
Topic: Planeinteilungen, Table: Plan
==============================================================================
==============================================================================
Topic: Planeinteilungen, Table: Plangeometrie_Geometrie
==============================================================================
==============================================================================
Topic: Planeinteilungen, Table: Plangeometrie
==============================================================================
==============================================================================
Topic: Planeinteilungen, Table: PlanPos
==============================================================================
==============================================================================
Topic: TSEinteilung, Table: Toleranzstufe_Geometrie
==============================================================================
==============================================================================
Topic: TSEinteilung, Table: Toleranzstufe
==============================================================================
==============================================================================
Topic: TSEinteilung, Table: ToleranzstufePos
==============================================================================
==============================================================================
Topic: Gebaeudeadressen, Table: GEBNachfuehrung
==============================================================================
==============================================================================
Topic: Gebaeudeadressen, Table: GEBNachfuehrung_Perimeter
==============================================================================
==============================================================================
Topic: Gebaeudeadressen, Table: Lokalisation
==============================================================================
==============================================================================
Topic: Gebaeudeadressen, Table: LokalisationsName
==============================================================================
==============================================================================
Topic: Gebaeudeadressen, Table: LokalisationsNamePos
==============================================================================
==============================================================================
Topic: Gebaeudeadressen, Table: BenanntesGebiet
==============================================================================
==============================================================================
Topic: Gebaeudeadressen, Table: BenanntesGebiet_Flaeche
==============================================================================
==============================================================================
Topic: Gebaeudeadressen, Table: Strassenstueck
==============================================================================
==============================================================================
Topic: Gebaeudeadressen, Table: Gebaeudeeingang
==============================================================================
==============================================================================
Topic: Gebaeudeadressen, Table: HausnummerPos
==============================================================================
==============================================================================
Topic: Gebaeudeadressen, Table: GebaeudeName
==============================================================================
==============================================================================
Topic: Gebaeudeadressen, Table: GebaeudeNamePos
==============================================================================
==============================================================================
Topic: Gebaeudeadressen, Table: GebaeudeBeschreibung
==============================================================================
==============================================================================
Topic: Planrahmen, Table: PlanLayout
==============================================================================
==============================================================================
Topic: Planrahmen, Table: Planbeschriftung
==============================================================================
==============================================================================
Topic: Planrahmen, Table: PlanbeschriftungPos
==============================================================================
==============================================================================
Topic: Planrahmen, Table: Koordinatenanschrift
==============================================================================
==============================================================================
Topic: Planrahmen, Table: KoordinatenanschriftPos
==============================================================================
==============================================================================
Topic: Planrahmen, Table: Linienobjekt
==============================================================================
==============================================================================
Topic: Planrahmen, Table: KoordinatenLinie
==============================================================================
==============================================================================
Topic: Planrahmen, Table: Darstellungsflaeche
==============================================================================
==============================================================================
Topic: Planrahmen, Table: Darstellungsflaeche_Geometrie
==============================================================================
==============================================================================
Topic: Planrahmen, Table: PlanLayoutSymbol
==============================================================================
==============================================================================
Topic: Planrahmen, Table: Netzkreuz
==============================================================================

*** ERROR *** error opening file: e:\rics\data\temp\1291014\output\stat15_dcheck_gemeinden.dat


completed with 1 error not tolerated
completed with no errors GT
completed with no errors ET
completed with no errors UT

completed with no warnings not tolerated
completed with no warnings GT
completed with no warnings ET
completed with no warnings UT

